This is LuaTeX, Version beta-0.80.0 (TeX Live 2015/Arch Linux) (rev 5238)  (format=lualatex 2015.12.2)  9 AUG 2016 09:55
 restricted \write18 enabled.
**tccplanoudesc
(./tccplanoudesc.tex
LaTeX2e <2015/10/01> patch level 2
Babel <3.9m> and hyphenation patterns for 79 languages loaded.
(/usr/share/texmf-dist/tex/latex/base/article.cls
Document Class: article 2014/09/29 v1.4h Standard LaTeX document class
(/usr/share/texmf-dist/tex/latex/base/size11.clo
File: size11.clo 2014/09/29 v1.4h Standard LaTeX file (size option)
)
\c@part=\count79
\c@section=\count80
\c@subsection=\count81
\c@subsubsection=\count82
\c@paragraph=\count83
\c@subparagraph=\count84
\c@figure=\count85
\c@table=\count86
\abovecaptionskip=\skip41
\belowcaptionskip=\skip42
\bibindent=\dimen102
)
(/usr/share/texmf-dist/tex/lualatex/luatextra/luatextra.sty
Package: luatextra 2010/10/10 v1.0 Loading usual LuaLaTeX packages

(/usr/share/texmf-dist/tex/generic/oberdiek/ifluatex.sty
Package: ifluatex 2010/03/01 v1.3 Provides the ifluatex switch (HO)
Package ifluatex Info: LuaTeX detected.
)
(/usr/share/texmf-dist/tex/latex/fontspec/fontspec.sty
Package: fontspec 2015/09/24 v2.4e Font selection for XeLaTeX and LuaLaTeX

(/usr/share/texmf-dist/tex/latex/l3kernel/expl3.sty
Package: expl3 2015/11/04 v6224 L3 programming layer (loader) 

(/usr/share/texmf-dist/tex/latex/l3kernel/expl3-code.tex
Package: expl3 2015/11/04 v6224 L3 programming layer (code) 
L3 Module: l3bootstrap 2015/10/18 v6213 L3 Bootstrap code
\ucharcat@table=\catcodetable5
L3 Module: l3names 2015/11/03 v6220 L3 Namespace for primitives
L3 Module: l3basics 2015/09/22 v6033 L3 Basic definitions
L3 Module: l3expan 2015/09/10 v5983 L3 Argument expansion
L3 Module: l3tl 2015/09/29 v6121 L3 Token lists
L3 Module: l3str 2015/09/20 v6021 L3 Strings
L3 Module: l3seq 2015/08/05 v5777 L3 Sequences and stacks
L3 Module: l3int 2015/09/25 v6089 L3 Integers
\c_max_int=\count87
\l_tmpa_int=\count88
\l_tmpb_int=\count89
\g_tmpa_int=\count90
\g_tmpb_int=\count91
L3 Module: l3quark 2015/08/17 v5855 L3 Quarks
L3 Module: l3prg 2015/11/01 v6216 L3 Control structures
\g__prg_map_int=\count92
L3 Module: l3clist 2015/09/02 v5901 L3 Comma separated lists
L3 Module: l3token 2015/09/28 v6114 L3 Experimental token manipulation
L3 Module: l3prop 2015/08/05 v5777 L3 Property lists
L3 Module: l3msg 2015/09/28 v6113 L3 Messages
L3 Module: l3file 2015/09/23 v6037 L3 File and I/O operations
\l_iow_line_count_int=\count93
\l__iow_target_count_int=\count94
\l__iow_current_line_int=\count95
\l__iow_current_word_int=\count96
\l__iow_current_indentation_int=\count97
L3 Module: l3skip 2015/09/25 v6089 L3 Dimensions and skips
\c_zero_dim=\dimen103
\c_max_dim=\dimen104
\l_tmpa_dim=\dimen105
\l_tmpb_dim=\dimen106
\g_tmpa_dim=\dimen107
\g_tmpb_dim=\dimen108
\c_zero_skip=\skip43
\c_max_skip=\skip44
\l_tmpa_skip=\skip45
\l_tmpb_skip=\skip46
\g_tmpa_skip=\skip47
\g_tmpb_skip=\skip48
\c_zero_muskip=\muskip10
\c_max_muskip=\muskip11
\l_tmpa_muskip=\muskip12
\l_tmpb_muskip=\muskip13
\g_tmpa_muskip=\muskip14
\g_tmpb_muskip=\muskip15
L3 Module: l3keys 2015/09/23 v6037 L3 Key-value interfaces
\g__keyval_level_int=\count98
\l_keys_choice_int=\count99
L3 Module: l3fp 2015/08/25 v5890 L3 Floating points
\c__fp_leading_shift_int=\count100
\c__fp_middle_shift_int=\count101
\c__fp_trailing_shift_int=\count102
\c__fp_big_leading_shift_int=\count103
\c__fp_big_middle_shift_int=\count104
\c__fp_big_trailing_shift_int=\count105
\c__fp_Bigg_leading_shift_int=\count106
\c__fp_Bigg_middle_shift_int=\count107
\c__fp_Bigg_trailing_shift_int=\count108
L3 Module: l3box 2015/08/09 v5822 L3 Experimental boxes
\c_empty_box=\box26
\l_tmpa_box=\box27
\l_tmpb_box=\box28
\g_tmpa_box=\box29
\g_tmpb_box=\box30
L3 Module: l3coffins 2015/08/06 v5789 L3 Coffin code layer
\l__coffin_internal_box=\box31
\l__coffin_internal_dim=\dimen109
\l__coffin_offset_x_dim=\dimen110
\l__coffin_offset_y_dim=\dimen111
\l__coffin_x_dim=\dimen112
\l__coffin_y_dim=\dimen113
\l__coffin_x_prime_dim=\dimen114
\l__coffin_y_prime_dim=\dimen115
\c_empty_coffin=\box32
\l__coffin_aligned_coffin=\box33
\l__coffin_aligned_internal_coffin=\box34
\l_tmpa_coffin=\box35
\l_tmpb_coffin=\box36
\l__coffin_display_coffin=\box37
\l__coffin_display_coord_coffin=\box38
\l__coffin_display_pole_coffin=\box39
\l__coffin_display_offset_dim=\dimen116
\l__coffin_display_x_dim=\dimen117
\l__coffin_display_y_dim=\dimen118
L3 Module: l3color 2014/08/23 v5354 L3 Experimental color support
L3 Module: l3candidates 2015/11/01 v6216 L3 Experimental additions to l3kernel
\l__box_top_dim=\dimen119
\l__box_bottom_dim=\dimen120
\l__box_left_dim=\dimen121
\l__box_right_dim=\dimen122
\l__box_top_new_dim=\dimen123
\l__box_bottom_new_dim=\dimen124
\l__box_left_new_dim=\dimen125
\l__box_right_new_dim=\dimen126
\l__box_internal_box=\box40
\l__coffin_bounding_shift_dim=\dimen127
\l__coffin_left_corner_dim=\dimen128
\l__coffin_right_corner_dim=\dimen129
\l__coffin_bottom_corner_dim=\dimen130
\l__coffin_top_corner_dim=\dimen131
\l__coffin_scaled_total_height_dim=\dimen132
\l__coffin_scaled_width_dim=\dimen133
L3 Module: l3sys 2015/09/25 v6087 L3 Experimental system/runtime functions
L3 Module: l3luatex 2015/09/10 v5983 L3 Experimental LuaTeX-specific functions
)
(/usr/share/texmf-dist/tex/latex/l3kernel/l3unicode-data.def
File: l3unicode-data.def 2015/07/20 v5676 L3 Unicode data
)
(/usr/share/texmf-dist/tex/latex/l3kernel/l3pdfmode.def
File: l3pdfmode.def 2015/09/10 v5983 L3 Experimental driver: PDF mode
\l__driver_color_stack_int=\count109
))
(/usr/share/texmf-dist/tex/latex/l3packages/xparse/xparse.sty
Package: xparse 2015/11/04 v6224 L3 Experimental document command parser
\l__xparse_current_arg_int=\count110
\l__xparse_m_args_int=\count111
\l__xparse_mandatory_args_int=\count112
\l__xparse_processor_int=\count113
\l__xparse_v_nesting_int=\count114
)
(/usr/share/texmf-dist/tex/luatex/luaotfload/luaotfload.sty
Package: luaotfload 2014/08/10 v2.5-4 OpenType layout system

(/usr/share/texmf-dist/tex/luatex/luatexbase/luatexbase.sty
Package: luatexbase 2015/10/04 v1.3 luatexbase interface to LuaTeX 

(/usr/share/texmf-dist/tex/luatex/ctablestack/ctablestack.sty
Package: ctablestack 2015/10/01 v1.0 Catcode table stable support
\@catcodetablestackcnt=\count115
)
\CatcodeTableOther=\catcodetable6
\CatcodeTableExpl=\catcodetable7
)
Lua module: luaotfload-main 2014/08/10 2.50003 OpenType layout system.(using wri
te cache: /home/h3nnn4n/.texlive/texmf-var/luatex-cache/generic)(using read cach
e: /var/lib/texmf/luatex-cache/generic /home/h3nnn4n/.texlive/texmf-var/luatex-c
ache/generic)
Lua-only attribute luaotfload@kernpair = 1
Lua-only attribute luaotfload@ligacomp = 2
Lua-only attribute luaotfload@markbase = 3
Lua-only attribute luaotfload@markmark = 4
Lua-only attribute luaotfload@markdone = 5
Lua-only attribute luaotfload@cursbase = 6
Lua-only attribute luaotfload@curscurs = 7
Lua-only attribute luaotfload@cursdone = 8
Lua-only attribute luaotfload@state = 9
luaotfload | main : fontloader loaded in 0.014 seconds
Inserting `luaotfload.node_processor' at position 1 in `pre_linebreak_filter'.
Inserting `luaotfload.node_processor' at position 1 in `hpack_filter'.
Inserting `luaotfload.find_vf_file' at position 1 in `find_vf_file'.
luaotfload | conf : Root cache directory is /home/h3nnn4n/.texlive/texmf-var/lua
tex-cache/generic/names.
luaotfload | conf : Root cache directory is /home/h3nnn4n/.texlive/texmf-var/lua
tex-cache/generic/names.
Inserting `luaotfload.define_font' at position 1 in `define_font'.
Inserting `luaotfload.aux.set_sscale_dimens' at position 1 in `luaotfload.patch_
font'.
Inserting `luaotfload.aux.patch_cambria_domh' at position 2 in `luaotfload.patch
_font'.
Inserting `luaotfload.aux.set_capheight' at position 3 in `luaotfload.patch_font
'.
Inserting `luaotfload.rewrite_fontname' at position 4 in `luaotfload.patch_font'
.)
Lua module: fontspec 2013/05/20 2.3c Advanced font selection for LuaLaTeX.
\l_fontspec_script_int=\count116
\l_fontspec_language_int=\count117
\l_fontspec_strnum_int=\count118
\l__fontspec_tmpa_dim=\dimen134
\l__fontspec_tmpb_dim=\dimen135
\l__fontspec_tmpc_dim=\dimen136
 (/usr/share/texmf-dist/tex/latex/fontspec/fontspec-patches.sty
Package: fontspec-patches 2015/09/24 v2.4e Font selection for XeLaTeX and LuaLaT
eX
LaTeX Info: Redefining \em on input line 49.
LaTeX Info: Redefining \emph on input line 57.
LaTeX Info: Redefining \- on input line 60.
.................................................
. LaTeX info: "xparse/redefine-command"
. 
. Redefining command \oldstylenums with sig. 'm' on line 155.
.................................................
.................................................
. LaTeX info: "xparse/define-command"
. 
. Defining command \liningnums with sig. 'm' on line 159.
.................................................
)
(/usr/share/texmf-dist/tex/latex/fontspec/fontspec-luatex.sty
Package: fontspec-luatex 2015/09/24 v2.4e Font selection for XeLaTeX and LuaLaTe
X

(/usr/share/texmf-dist/tex/latex/base/fontenc.sty
Package: fontenc 2005/09/27 v1.99g Standard LaTeX package

(/usr/share/texmf-dist/tex/latex/euenc/eu2enc.def
File: eu2enc.def 2010/05/27 v0.1h Experimental Unicode font encodings
)
LaTeX Font Info:    Try loading font information for EU2+lmr on input line 105.

(/usr/share/texmf-dist/tex/latex/euenc/eu2lmr.fd
File: eu2lmr.fd 2009/10/30 v1.6 Font defs for Latin Modern
)
luaotfload | db : Font names database loaded from /home/h3nnn4n/.texlive/texmf-v
ar/luatex-cache/generic/names/luaotfload-names.luc(compiling luc: /var/lib/texmf
/luatex-cache/generic/fonts/otf/lmroman10-regular.luc)(load luc: /home/h3nnn4n/.
texlive/texmf-var/luatex-cache/generic/fonts/otf/lmroman10-regular.luc))
(/usr/share/texmf-dist/tex/xelatex/xunicode/xunicode.sty
File: xunicode.sty 2011/09/09 v0.981 provides access to latin accents and many o
ther characters in Unicode lower plane

(/usr/share/texmf-dist/tex/latex/tipa/t3enc.def
File: t3enc.def 2001/12/31 T3 encoding
(compiling luc: /var/lib/texmf/luatex-cache/generic/fonts/otf/lmromanslant10-reg
ular.luc)(load luc: /home/h3nnn4n/.texlive/texmf-var/luatex-cache/generic/fonts/
otf/lmromanslant10-regular.luc)(compiling luc: /var/lib/texmf/luatex-cache/gener
ic/fonts/otf/lmroman10-italic.luc)(load luc: /home/h3nnn4n/.texlive/texmf-var/lu
atex-cache/generic/fonts/otf/lmroman10-italic.luc)(compiling luc: /var/lib/texmf
/luatex-cache/generic/fonts/otf/lmroman10-bold.luc)(load luc: /home/h3nnn4n/.tex
live/texmf-var/luatex-cache/generic/fonts/otf/lmroman10-bold.luc)
LaTeX Font Info:    Try loading font information for EU2+lmss on input line 357.


(/usr/share/texmf-dist/tex/latex/euenc/eu2lmss.fd
File: eu2lmss.fd 2009/10/30 v1.6 Font defs for Latin Modern
)(compiling luc: /var/lib/texmf/luatex-cache/generic/fonts/otf/lmsans10-regular.
luc)(load luc: /home/h3nnn4n/.texlive/texmf-var/luatex-cache/generic/fonts/otf/l
msans10-regular.luc))
\tipaTiiicode=\count119
\tipasavetokens=\toks14
\tipachecktokens=\toks15

(/usr/share/texmf-dist/tex/latex/graphics/graphicx.sty
Package: graphicx 2014/10/28 v1.0g Enhanced LaTeX Graphics (DPC,SPQR)

(/usr/share/texmf-dist/tex/latex/graphics/keyval.sty
Package: keyval 2014/10/28 v1.15 key=value parser (DPC)
\KV@toks@=\toks16
)
(/usr/share/texmf-dist/tex/latex/graphics/graphics.sty
Package: graphics 2014/10/28 v1.0p Standard LaTeX Graphics (DPC,SPQR)

(/usr/share/texmf-dist/tex/latex/graphics/trig.sty
Package: trig 1999/03/16 v1.09 sin cos tan (DPC)
)
(/usr/share/texmf-dist/tex/latex/latexconfig/graphics.cfg
File: graphics.cfg 2010/04/23 v1.9 graphics configuration of TeX Live
)
Package graphics Info: Driver file: pdftex.def on input line 94.

(/usr/share/texmf-dist/tex/latex/pdftex-def/pdftex.def
File: pdftex.def 2011/05/27 v0.06d Graphics/color for pdfTeX

(/usr/share/texmf-dist/tex/generic/oberdiek/infwarerr.sty
Package: infwarerr 2010/04/08 v1.3 Providing info/warning/error messages (HO)
)
(/usr/share/texmf-dist/tex/generic/oberdiek/ltxcmds.sty
Package: ltxcmds 2011/11/09 v1.22 LaTeX kernel commands for general use (HO)
)
\Gread@gobject=\count120
))
\Gin@req@height=\dimen137
\Gin@req@width=\dimen138
))
.................................................
. LaTeX info: "xparse/define-command"
. 
. Defining command \__fontspec_post_arg:w with sig. 'mmO{}' on line 45.
.................................................
.................................................
. LaTeX info: "xparse/define-command"
. 
. Defining command \fontspec with sig. 'om' on line 47.
.................................................
.................................................
. LaTeX info: "xparse/define-command"
. 
. Defining command \setmainfont with sig. 'om' on line 57.
.................................................
.................................................
. LaTeX info: "xparse/define-command"
. 
. Defining command \setsansfont with sig. 'om' on line 67.
.................................................
.................................................
. LaTeX info: "xparse/define-command"
. 
. Defining command \setmonofont with sig. 'om' on line 77.
.................................................
.................................................
. LaTeX info: "xparse/define-command"
. 
. Defining command \setmathrm with sig. 'om' on line 91.
.................................................
.................................................
. LaTeX info: "xparse/define-command"
. 
. Defining command \setboldmathrm with sig. 'om' on line 99.
.................................................
.................................................
. LaTeX info: "xparse/define-command"
. 
. Defining command \setmathsf with sig. 'om' on line 107.
.................................................
.................................................
. LaTeX info: "xparse/define-command"
. 
. Defining command \setmathtt with sig. 'om' on line 115.
.................................................
.................................................
. LaTeX info: "xparse/define-command"
. 
. Defining command \newfontfamily with sig. 'mom' on line 129.
.................................................
.................................................
. LaTeX info: "xparse/define-command"
. 
. Defining command \newfontface with sig. 'mom' on line 144.
.................................................
.................................................
. LaTeX info: "xparse/define-command"
. 
. Defining command \defaultfontfeatures with sig. 't+om' on line 158.
.................................................
.................................................
. LaTeX info: "xparse/define-command"
. 
. Defining command \addfontfeatures with sig. 'm' on line 214.
.................................................
.................................................
. LaTeX info: "xparse/define-command"
. 
. Defining command \newfontfeature with sig. 'mm' on line 225.
.................................................
.................................................
. LaTeX info: "xparse/define-command"
. 
. Defining command \newAATfeature with sig. 'mmmm' on line 233.
.................................................
.................................................
. LaTeX info: "xparse/define-command"
. 
. Defining command \newopentypefeature with sig. 'mmm' on line 241.
.................................................
.................................................
. LaTeX info: "xparse/define-command"
. 
. Defining command \aliasfontfeature with sig. 'mm' on line 262.
.................................................
.................................................
. LaTeX info: "xparse/define-command"
. 
. Defining command \aliasfontfeatureoption with sig. 'mmm' on line 271.
.................................................
.................................................
. LaTeX info: "xparse/define-command"
. 
. Defining command \newfontscript with sig. 'mm' on line 276.
.................................................
.................................................
. LaTeX info: "xparse/define-command"
. 
. Defining command \newfontlanguage with sig. 'mm' on line 302.
.................................................
.................................................
. LaTeX info: "xparse/define-command"
. 
. Defining command \DeclareFontsExtensions with sig. 'm' on line 322.
.................................................
\l__fontspec_tmp_int=\count121
LaTeX Info: Redefining \itshape on input line 2151.
LaTeX Info: Redefining \slshape on input line 2156.
LaTeX Info: Redefining \scshape on input line 2161.
LaTeX Info: Redefining \upshape on input line 2166.

(/usr/share/texmf-dist/tex/latex/fontspec/fontspec.cfg)))
Lua module: lualibs 2014-07-26 2.2 ConTeXt Lua standard libraries.
Lua module: lualibs-extended 2014-07-26 2.2 ConTeXt Lua libraries -- extended co
llection.
(/usr/share/texmf-dist/tex/latex/metalogo/metalogo.sty
Package: metalogo 2010/05/29 v0.12 Extended TeX logo macros

(/usr/share/texmf-dist/tex/generic/ifxetex/ifxetex.sty
Package: ifxetex 2010/09/12 v0.6 Provides ifxetex conditional
)
\xl@everylogo=\toks17
\xl@@everylogo=\toks18
LaTeX Info: Redefining \TeX on input line 193.
LaTeX Info: Redefining \LaTeX on input line 202.
LaTeX Info: Redefining \LaTeXe on input line 219.
)
(/usr/share/texmf-dist/tex/lualatex/luacode/luacode.sty
Package: luacode 2012/01/23 v1.2a lua-in-tex helpers (mpg)
\luacode@lines=\toks19
\luacode@table@soft=\catcodetable8
)
(/usr/share/texmf-dist/tex/latex/base/fixltx2e.sty
Package: fixltx2e 2015/06/22 v2.0b fixes to LaTeX (obsolete)


Package fixltx2e Warning: fixltx2e is not required with releases after 2015
(fixltx2e)                All fixes are now in the LaTeX kernel.
(fixltx2e)                See the latexrelease package for details.

)) (/usr/share/texmf-dist/tex/generic/babel/babel.sty
Package: babel 2015/08/03 3.9m The Babel package

(/usr/share/texmf-dist/tex/generic/babel-portuges/portuges.ldf
Language: portuges 2008/03/18 v1.2q Portuguese support from the babel system

(/usr/share/texmf-dist/tex/generic/babel/babel.def
File: babel.def 2015/08/03 3.9m Babel common definitions
\babel@savecnt=\count122
\U@D=\dimen139

(/usr/share/texmf-dist/tex/generic/babel/luababel.def
luatex-hyphen: using data file: /usr/share/texmf-dist/tex/generic/config/languag
e.dat.lua))
Package babel Info: Making " an active character on input line 145.
luatex-hyphen: loading patterns and exceptions for: portuguese (\language63)))
(/usr/share/texmf-dist/tex/latex/microtype/microtype.sty
Package: microtype 2013/05/23 v2.5a Micro-typographical refinements (RS)
\MT@toks=\toks20
\MT@count=\count123
LaTeX Info: Redefining \textls on input line 766.
\MT@outer@kern=\dimen140
LaTeX Info: Redefining \textmicrotypecontext on input line 1285.
\MT@listname@count=\count124

(/usr/share/texmf-dist/tex/latex/microtype/microtype-luatex.def
File: microtype-luatex.def 2013/05/23 v2.5a Definitions specific to luatex (RS)
Lua module: microtype 2013/05/15 2.5 microtype module.
LaTeX Info: Redefining \lsstyle on input line 644.
LaTeX Info: Redefining \lslig on input line 644.
\MT@outer@space=\skip49
)
Package microtype Info: Loading configuration file microtype.cfg.

(/usr/share/texmf-dist/tex/latex/microtype/microtype.cfg
File: microtype.cfg 2013/05/23 v2.5a microtype main configuration file (RS)
))
(/usr/share/texmf-dist/tex/latex/pgf/frontendlayer/tikz.sty
(/usr/share/texmf-dist/tex/latex/pgf/basiclayer/pgf.sty
(/usr/share/texmf-dist/tex/latex/pgf/utilities/pgfrcs.sty
(/usr/share/texmf-dist/tex/generic/pgf/utilities/pgfutil-common.tex
\pgfutil@everybye=\toks21
\pgfutil@tempdima=\dimen141
\pgfutil@tempdimb=\dimen142

(/usr/share/texmf-dist/tex/generic/pgf/utilities/pgfutil-common-lists.tex))
(/usr/share/texmf-dist/tex/generic/pgf/utilities/pgfutil-latex.def
\pgfutil@abb=\box41

(/usr/share/texmf-dist/tex/latex/ms/everyshi.sty
Package: everyshi 2001/05/15 v3.00 EveryShipout Package (MS)
))
(/usr/share/texmf-dist/tex/generic/pgf/utilities/pgfrcs.code.tex
Package: pgfrcs 2015/08/07 v3.0.1a (rcs-revision 1.31)
))
Package: pgf 2015/08/07 v3.0.1a (rcs-revision 1.15)

(/usr/share/texmf-dist/tex/latex/pgf/basiclayer/pgfcore.sty
(/usr/share/texmf-dist/tex/latex/pgf/systemlayer/pgfsys.sty
(/usr/share/texmf-dist/tex/generic/pgf/systemlayer/pgfsys.code.tex
Package: pgfsys 2014/07/09 v3.0.1a (rcs-revision 1.48)

(/usr/share/texmf-dist/tex/generic/pgf/utilities/pgfkeys.code.tex
\pgfkeys@pathtoks=\toks22
\pgfkeys@temptoks=\toks23

(/usr/share/texmf-dist/tex/generic/pgf/utilities/pgfkeysfiltered.code.tex
\pgfkeys@tmptoks=\toks24
))
\pgf@x=\dimen143
\pgf@y=\dimen144
\pgf@xa=\dimen145
\pgf@ya=\dimen146
\pgf@xb=\dimen147
\pgf@yb=\dimen148
\pgf@xc=\dimen149
\pgf@yc=\dimen150
\w@pgf@writea=\write3
\r@pgf@reada=\read1
\c@pgf@counta=\count125
\c@pgf@countb=\count126
\c@pgf@countc=\count127
\c@pgf@countd=\count128
\t@pgf@toka=\toks25
\t@pgf@tokb=\toks26
\t@pgf@tokc=\toks27

(/usr/share/texmf-dist/tex/generic/pgf/systemlayer/pgf.cfg
File: pgf.cfg 2008/05/14  (rcs-revision 1.7)
)
Driver file for pgf: pgfsys-pdftex.def

(/usr/share/texmf-dist/tex/generic/pgf/systemlayer/pgfsys-pdftex.def
File: pgfsys-pdftex.def 2014/10/11  (rcs-revision 1.35)

(/usr/share/texmf-dist/tex/generic/pgf/systemlayer/pgfsys-common-pdf.def
File: pgfsys-common-pdf.def 2013/10/10  (rcs-revision 1.13)
)))
(/usr/share/texmf-dist/tex/generic/pgf/systemlayer/pgfsyssoftpath.code.tex
File: pgfsyssoftpath.code.tex 2013/09/09  (rcs-revision 1.9)
\pgfsyssoftpath@smallbuffer@items=\count129
\pgfsyssoftpath@bigbuffer@items=\count130
)
(/usr/share/texmf-dist/tex/generic/pgf/systemlayer/pgfsysprotocol.code.tex
File: pgfsysprotocol.code.tex 2006/10/16  (rcs-revision 1.4)
))
(/usr/share/texmf-dist/tex/latex/xcolor/xcolor.sty
Package: xcolor 2007/01/21 v2.11 LaTeX color extensions (UK)

(/usr/share/texmf-dist/tex/latex/latexconfig/color.cfg
File: color.cfg 2007/01/18 v1.5 color configuration of teTeX/TeXLive
)
Package xcolor Info: Driver file: pdftex.def on input line 225.
Package xcolor Info: Model `cmy' substituted by `cmy0' on input line 1337.
Package xcolor Info: Model `hsb' substituted by `rgb' on input line 1341.
Package xcolor Info: Model `RGB' extended on input line 1353.
Package xcolor Info: Model `HTML' substituted by `rgb' on input line 1355.
Package xcolor Info: Model `Hsb' substituted by `hsb' on input line 1356.
Package xcolor Info: Model `tHsb' substituted by `hsb' on input line 1357.
Package xcolor Info: Model `HSB' substituted by `hsb' on input line 1358.
Package xcolor Info: Model `Gray' substituted by `gray' on input line 1359.
Package xcolor Info: Model `wave' substituted by `hsb' on input line 1360.
)
(/usr/share/texmf-dist/tex/generic/pgf/basiclayer/pgfcore.code.tex
Package: pgfcore 2010/04/11 v3.0.1a (rcs-revision 1.7)

(/usr/share/texmf-dist/tex/generic/pgf/math/pgfmath.code.tex
(/usr/share/texmf-dist/tex/generic/pgf/math/pgfmathcalc.code.tex
(/usr/share/texmf-dist/tex/generic/pgf/math/pgfmathutil.code.tex)
(/usr/share/texmf-dist/tex/generic/pgf/math/pgfmathparser.code.tex
\pgfmath@dimen=\dimen151
\pgfmath@count=\count131
\pgfmath@box=\box42
\pgfmath@toks=\toks28
\pgfmath@stack@operand=\toks29
\pgfmath@stack@operation=\toks30
)
(/usr/share/texmf-dist/tex/generic/pgf/math/pgfmathfunctions.code.tex
(/usr/share/texmf-dist/tex/generic/pgf/math/pgfmathfunctions.basic.code.tex)
(/usr/share/texmf-dist/tex/generic/pgf/math/pgfmathfunctions.trigonometric.code
.tex)
(/usr/share/texmf-dist/tex/generic/pgf/math/pgfmathfunctions.random.code.tex)
(/usr/share/texmf-dist/tex/generic/pgf/math/pgfmathfunctions.comparison.code.te
x) (/usr/share/texmf-dist/tex/generic/pgf/math/pgfmathfunctions.base.code.tex)
(/usr/share/texmf-dist/tex/generic/pgf/math/pgfmathfunctions.round.code.tex)
(/usr/share/texmf-dist/tex/generic/pgf/math/pgfmathfunctions.misc.code.tex)
(/usr/share/texmf-dist/tex/generic/pgf/math/pgfmathfunctions.integerarithmetics
.code.tex))) (/usr/share/texmf-dist/tex/generic/pgf/math/pgfmathfloat.code.tex
\c@pgfmathroundto@lastzeros=\count132
)) (/usr/share/texmf-dist/tex/generic/pgf/basiclayer/pgfcorepoints.code.tex
File: pgfcorepoints.code.tex 2013/10/07  (rcs-revision 1.27)
\pgf@picminx=\dimen152
\pgf@picmaxx=\dimen153
\pgf@picminy=\dimen154
\pgf@picmaxy=\dimen155
\pgf@pathminx=\dimen156
\pgf@pathmaxx=\dimen157
\pgf@pathminy=\dimen158
\pgf@pathmaxy=\dimen159
\pgf@xx=\dimen160
\pgf@xy=\dimen161
\pgf@yx=\dimen162
\pgf@yy=\dimen163
\pgf@zx=\dimen164
\pgf@zy=\dimen165
)
(/usr/share/texmf-dist/tex/generic/pgf/basiclayer/pgfcorepathconstruct.code.tex
File: pgfcorepathconstruct.code.tex 2013/10/07  (rcs-revision 1.29)
\pgf@path@lastx=\dimen166
\pgf@path@lasty=\dimen167
) (/usr/share/texmf-dist/tex/generic/pgf/basiclayer/pgfcorepathusage.code.tex
File: pgfcorepathusage.code.tex 2014/11/02  (rcs-revision 1.24)
\pgf@shorten@end@additional=\dimen168
\pgf@shorten@start@additional=\dimen169
)
(/usr/share/texmf-dist/tex/generic/pgf/basiclayer/pgfcorescopes.code.tex
File: pgfcorescopes.code.tex 2015/05/08  (rcs-revision 1.46)
\pgfpic=\box43
\pgf@hbox=\box44
\pgf@layerbox@main=\box45
\pgf@picture@serial@count=\count133
)
(/usr/share/texmf-dist/tex/generic/pgf/basiclayer/pgfcoregraphicstate.code.tex
File: pgfcoregraphicstate.code.tex 2014/11/02  (rcs-revision 1.12)
\pgflinewidth=\dimen170
)
(/usr/share/texmf-dist/tex/generic/pgf/basiclayer/pgfcoretransformations.code.t
ex
File: pgfcoretransformations.code.tex 2015/08/07  (rcs-revision 1.20)
\pgf@pt@x=\dimen171
\pgf@pt@y=\dimen172
\pgf@pt@temp=\dimen173
) (/usr/share/texmf-dist/tex/generic/pgf/basiclayer/pgfcorequick.code.tex
File: pgfcorequick.code.tex 2008/10/09  (rcs-revision 1.3)
)
(/usr/share/texmf-dist/tex/generic/pgf/basiclayer/pgfcoreobjects.code.tex
File: pgfcoreobjects.code.tex 2006/10/11  (rcs-revision 1.2)
)
(/usr/share/texmf-dist/tex/generic/pgf/basiclayer/pgfcorepathprocessing.code.te
x
File: pgfcorepathprocessing.code.tex 2013/09/09  (rcs-revision 1.9)
) (/usr/share/texmf-dist/tex/generic/pgf/basiclayer/pgfcorearrows.code.tex
File: pgfcorearrows.code.tex 2015/05/14  (rcs-revision 1.43)
\pgfarrowsep=\dimen174
)
(/usr/share/texmf-dist/tex/generic/pgf/basiclayer/pgfcoreshade.code.tex
File: pgfcoreshade.code.tex 2013/07/15  (rcs-revision 1.15)
\pgf@max=\dimen175
\pgf@sys@shading@range@num=\count134
)
(/usr/share/texmf-dist/tex/generic/pgf/basiclayer/pgfcoreimage.code.tex
File: pgfcoreimage.code.tex 2013/07/15  (rcs-revision 1.18)

(/usr/share/texmf-dist/tex/generic/pgf/basiclayer/pgfcoreexternal.code.tex
File: pgfcoreexternal.code.tex 2014/07/09  (rcs-revision 1.21)
\pgfexternal@startupbox=\box46
))
(/usr/share/texmf-dist/tex/generic/pgf/basiclayer/pgfcorelayers.code.tex
File: pgfcorelayers.code.tex 2013/07/18  (rcs-revision 1.7)
)
(/usr/share/texmf-dist/tex/generic/pgf/basiclayer/pgfcoretransparency.code.tex
File: pgfcoretransparency.code.tex 2013/09/30  (rcs-revision 1.5)
)
(/usr/share/texmf-dist/tex/generic/pgf/basiclayer/pgfcorepatterns.code.tex
File: pgfcorepatterns.code.tex 2013/11/07  (rcs-revision 1.5)
)))
(/usr/share/texmf-dist/tex/generic/pgf/modules/pgfmoduleshapes.code.tex
File: pgfmoduleshapes.code.tex 2014/03/21  (rcs-revision 1.35)
\pgfnodeparttextbox=\box47
)
(/usr/share/texmf-dist/tex/generic/pgf/modules/pgfmoduleplot.code.tex
File: pgfmoduleplot.code.tex 2015/08/03  (rcs-revision 1.13)
)
(/usr/share/texmf-dist/tex/latex/pgf/compatibility/pgfcomp-version-0-65.sty
Package: pgfcomp-version-0-65 2007/07/03 v3.0.1a (rcs-revision 1.7)
\pgf@nodesepstart=\dimen176
\pgf@nodesepend=\dimen177
)
(/usr/share/texmf-dist/tex/latex/pgf/compatibility/pgfcomp-version-1-18.sty
Package: pgfcomp-version-1-18 2007/07/23 v3.0.1a (rcs-revision 1.1)
))
(/usr/share/texmf-dist/tex/latex/pgf/utilities/pgffor.sty
(/usr/share/texmf-dist/tex/latex/pgf/utilities/pgfkeys.sty
(/usr/share/texmf-dist/tex/generic/pgf/utilities/pgfkeys.code.tex))
(/usr/share/texmf-dist/tex/latex/pgf/math/pgfmath.sty
(/usr/share/texmf-dist/tex/generic/pgf/math/pgfmath.code.tex))
(/usr/share/texmf-dist/tex/generic/pgf/utilities/pgffor.code.tex
Package: pgffor 2013/12/13 v3.0.1a (rcs-revision 1.25)

(/usr/share/texmf-dist/tex/generic/pgf/math/pgfmath.code.tex)
\pgffor@iter=\dimen178
\pgffor@skip=\dimen179
\pgffor@stack=\toks31
\pgffor@toks=\toks32
))
(/usr/share/texmf-dist/tex/generic/pgf/frontendlayer/tikz/tikz.code.tex
Package: tikz 2015/08/07 v3.0.1a (rcs-revision 1.151)

(/usr/share/texmf-dist/tex/generic/pgf/libraries/pgflibraryplothandlers.code.te
x
File: pgflibraryplothandlers.code.tex 2013/08/31 v3.0.1a (rcs-revision 1.20)
\pgf@plot@mark@count=\count135
\pgfplotmarksize=\dimen180
)
\tikz@lastx=\dimen181
\tikz@lasty=\dimen182
\tikz@lastxsaved=\dimen183
\tikz@lastysaved=\dimen184
\tikzleveldistance=\dimen185
\tikzsiblingdistance=\dimen186
\tikz@figbox=\box48
\tikz@figbox@bg=\box49
\tikz@tempbox=\box50
\tikz@tempbox@bg=\box51
\tikztreelevel=\count136
\tikznumberofchildren=\count137
\tikznumberofcurrentchild=\count138
\tikz@fig@count=\count139
 (/usr/share/texmf-dist/tex/generic/pgf/modules/pgfmodulematrix.code.tex
File: pgfmodulematrix.code.tex 2013/09/17  (rcs-revision 1.8)
\pgfmatrixcurrentrow=\count140
\pgfmatrixcurrentcolumn=\count141
\pgf@matrix@numberofcolumns=\count142
)
\tikz@expandcount=\count143

(/usr/share/texmf-dist/tex/generic/pgf/frontendlayer/tikz/libraries/tikzlibrary
topaths.code.tex
File: tikzlibrarytopaths.code.tex 2008/06/17 v3.0.1a (rcs-revision 1.2)
)))
(/usr/share/texmf-dist/tex/generic/pgf/graphdrawing/tex/tikzlibrarygraphdrawing
.code.tex
File: tikzlibrarygraphdrawing.code.tex 2013/08/05 v3.0.1a (rcs-revision 1.20)

(/usr/share/texmf-dist/tex/generic/pgf/graphdrawing/tex/pgflibrarygraphdrawing.
code.tex
File: pgflibrarygraphdrawing.code.tex 2015/06/08 v3.0.1a (rcs-revision 1.39)
\pgf@gd@parameter@stack@height=\count144
\pgf@gd@node@box=\box52
\pgf@gd@edge@box=\box53
\pgf@gd@prekind@box=\box54
\pgf@gd@postkind@box=\box55
))
(/usr/share/texmf-dist/tex/generic/pgf/frontendlayer/tikz/libraries/graphs/tikz
librarygraphs.code.tex
File: tikzlibrarygraphs.code.tex 2015/06/05 v3.0.1a (rcs-revision 1.44)
\tikz@lib@auto@number=\count145
\tikz@qnode@count=\count146
)
(/usr/share/texmf-dist/tex/generic/pgf/frontendlayer/tikz/libraries/tikzlibrary
shapes.code.tex
File: tikzlibraryshapes.code.tex 2008/01/09 v3.0.1a (rcs-revision 1.1)

(/usr/share/texmf-dist/tex/generic/pgf/frontendlayer/tikz/libraries/tikzlibrary
shapes.geometric.code.tex
File: tikzlibraryshapes.geometric.code.tex 2008/01/09 v3.0.1a (rcs-revision 1.1)


(/usr/share/texmf-dist/tex/generic/pgf/libraries/shapes/pgflibraryshapes.geomet
ric.code.tex
File: pgflibraryshapes.geometric.code.tex 2008/06/26 v3.0.1a (rcs-revision 1.1)
))
(/usr/share/texmf-dist/tex/generic/pgf/frontendlayer/tikz/libraries/tikzlibrary
shapes.misc.code.tex
File: tikzlibraryshapes.misc.code.tex 2008/01/09 v3.0.1a (rcs-revision 1.1)

(/usr/share/texmf-dist/tex/generic/pgf/libraries/shapes/pgflibraryshapes.misc.c
ode.tex
File: pgflibraryshapes.misc.code.tex 2013/07/18 v3.0.1a (rcs-revision 1.5)
))
(/usr/share/texmf-dist/tex/generic/pgf/frontendlayer/tikz/libraries/tikzlibrary
shapes.symbols.code.tex
File: tikzlibraryshapes.symbols.code.tex 2008/01/09 v3.0.1a (rcs-revision 1.1)

(/usr/share/texmf-dist/tex/generic/pgf/libraries/shapes/pgflibraryshapes.symbol
s.code.tex
File: pgflibraryshapes.symbols.code.tex 2013/09/11 v3.0.1a (rcs-revision 1.6)
))
(/usr/share/texmf-dist/tex/generic/pgf/frontendlayer/tikz/libraries/tikzlibrary
shapes.arrows.code.tex
File: tikzlibraryshapes.arrows.code.tex 2008/01/09 v3.0.1a (rcs-revision 1.1)

(/usr/share/texmf-dist/tex/generic/pgf/libraries/shapes/pgflibraryshapes.arrows
.code.tex
File: pgflibraryshapes.arrows.code.tex 2008/06/26 v3.0.1a (rcs-revision 1.1)
))
(/usr/share/texmf-dist/tex/generic/pgf/frontendlayer/tikz/libraries/tikzlibrary
shapes.callouts.code.tex
(/usr/share/texmf-dist/tex/generic/pgf/libraries/shapes/pgflibraryshapes.callou
ts.code.tex))
(/usr/share/texmf-dist/tex/generic/pgf/frontendlayer/tikz/libraries/tikzlibrary
shapes.multipart.code.tex
File: tikzlibraryshapes.multipart.code.tex 2008/01/09 v3.0.1a (rcs-revision 1.1)


(/usr/share/texmf-dist/tex/generic/pgf/libraries/shapes/pgflibraryshapes.multip
art.code.tex
File: pgflibraryshapes.multipart.code.tex 2010/01/07 v3.0.1a (rcs-revision 1.2)
\pgfnodepartlowerbox=\box56
\pgfnodeparttwobox=\box57
\pgfnodepartthreebox=\box58
\pgfnodepartfourbox=\box59
\pgfnodeparttwentybox=\box60
\pgfnodepartnineteenbox=\box61
\pgfnodeparteighteenbox=\box62
\pgfnodepartseventeenbox=\box63
\pgfnodepartsixteenbox=\box64
\pgfnodepartfifteenbox=\box65
\pgfnodepartfourteenbox=\box66
\pgfnodepartthirteenbox=\box67
\pgfnodeparttwelvebox=\box68
\pgfnodepartelevenbox=\box69
\pgfnodeparttenbox=\box70
\pgfnodepartninebox=\box71
\pgfnodeparteightbox=\box72
\pgfnodepartsevenbox=\box73
\pgfnodepartsixbox=\box74
\pgfnodepartfivebox=\box75
)))
(/usr/share/texmf-dist/tex/generic/pgf/frontendlayer/tikz/libraries/tikzlibrary
snakes.code.tex
File: tikzlibrarysnakes.code.tex 2013/07/15 v3.0.1a (rcs-revision 1.7)


Package pgf Warning: Snakes have been superseded by decorations. Please use the 
decoration libraries instead of the snakes library on input line 14.


(/usr/share/texmf-dist/tex/generic/pgf/frontendlayer/tikz/libraries/tikzlibrary
decorations.pathmorphing.code.tex
(/usr/share/texmf-dist/tex/generic/pgf/frontendlayer/tikz/libraries/tikzlibrary
decorations.code.tex
(/usr/share/texmf-dist/tex/generic/pgf/modules/pgfmoduledecorations.code.tex
\pgfdecoratedcompleteddistance=\dimen187
\pgfdecoratedremainingdistance=\dimen188
\pgfdecoratedinputsegmentcompleteddistance=\dimen189
\pgfdecoratedinputsegmentremainingdistance=\dimen190
\pgf@decorate@distancetomove=\dimen191
\pgf@decorate@repeatstate=\count147
\pgfdecorationsegmentamplitude=\dimen192
\pgfdecorationsegmentlength=\dimen193
)
\tikz@lib@dec@box=\box76
)
(/usr/share/texmf-dist/tex/generic/pgf/libraries/decorations/pgflibrarydecorati
ons.pathmorphing.code.tex))
(/usr/share/texmf-dist/tex/generic/pgf/frontendlayer/tikz/libraries/tikzlibrary
decorations.pathreplacing.code.tex
(/usr/share/texmf-dist/tex/generic/pgf/libraries/decorations/pgflibrarydecorati
ons.pathreplacing.code.tex))
(/usr/share/texmf-dist/tex/generic/pgf/frontendlayer/tikz/libraries/tikzlibrary
decorations.shapes.code.tex
(/usr/share/texmf-dist/tex/generic/pgf/libraries/decorations/pgflibrarydecorati
ons.shapes.code.tex))) (/usr/share/texmf-dist/tex/latex/setspace/setspace.sty
Package: setspace 2011/12/19 v6.7a set line spacing
)
(/usr/share/texmf-dist/tex/latex/amsmath/amsmath.sty
Package: amsmath 2013/01/14 v2.14 AMS math features
\@mathmargin=\skip50

For additional information on amsmath, use the `?' option.
(/usr/share/texmf-dist/tex/latex/amsmath/amstext.sty
Package: amstext 2000/06/29 v2.01

(/usr/share/texmf-dist/tex/latex/amsmath/amsgen.sty
File: amsgen.sty 1999/11/30 v2.0
\@emptytoks=\toks33
\ex@=\dimen194
))
(/usr/share/texmf-dist/tex/latex/amsmath/amsbsy.sty
Package: amsbsy 1999/11/29 v1.2d
\pmbraise@=\dimen195
)
(/usr/share/texmf-dist/tex/latex/amsmath/amsopn.sty
Package: amsopn 1999/12/14 v2.01 operator names
)
\inf@bad=\count148
LaTeX Info: Redefining \frac on input line 210.
\uproot@=\count149
\leftroot@=\count150
LaTeX Info: Redefining \overline on input line 306.
\classnum@=\count151
\DOTSCASE@=\count152
LaTeX Info: Redefining \ldots on input line 378.
LaTeX Info: Redefining \dots on input line 381.
LaTeX Info: Redefining \cdots on input line 466.
\Mathstrutbox@=\box77
\strutbox@=\box78
\big@size=\dimen196
LaTeX Font Info:    Redeclaring font encoding OML on input line 566.
LaTeX Font Info:    Redeclaring font encoding OMS on input line 567.
\macc@depth=\count153
\c@MaxMatrixCols=\count154
\dotsspace@=\muskip16
\c@parentequation=\count155
\dspbrk@lvl=\count156
\tag@help=\toks34
\row@=\count157
\column@=\count158
\maxfields@=\count159
\andhelp@=\toks35
\eqnshift@=\dimen197
\alignsep@=\dimen198
\tagshift@=\dimen199
\tagwidth@=\dimen256
\totwidth@=\dimen257
\lineht@=\dimen258
\@envbody=\toks36
\multlinegap=\skip51
\multlinetaggap=\skip52
\mathdisplay@stack=\toks37
LaTeX Info: Redefining \[ on input line 2665.
LaTeX Info: Redefining \] on input line 2666.
)
(/usr/share/texmf-dist/tex/latex/graphics/epsfig.sty
Package: epsfig 1999/02/16 v1.7a (e)psfig emulation (SPQR)
\epsfxsize=\dimen259
\epsfysize=\dimen260
)
(/usr/share/texmf-dist/tex/latex/hyperref/hyperref.sty
Package: hyperref 2012/11/06 v6.83m Hypertext links for LaTeX

(/usr/share/texmf-dist/tex/generic/oberdiek/hobsub-hyperref.sty
Package: hobsub-hyperref 2012/05/28 v1.13 Bundle oberdiek, subset hyperref (HO)

(/usr/share/texmf-dist/tex/generic/oberdiek/hobsub-generic.sty
Package: hobsub-generic 2012/05/28 v1.13 Bundle oberdiek, subset generic (HO)
Package: hobsub 2012/05/28 v1.13 Construct package bundles (HO)
Package hobsub Info: Skipping package `infwarerr' (already loaded).
Package hobsub Info: Skipping package `ltxcmds' (already loaded).
Package hobsub Info: Skipping package `ifluatex' (already loaded).
Package: ifvtex 2010/03/01 v1.5 Detect VTeX and its facilities (HO)
Package ifvtex Info: VTeX not detected.
Package: intcalc 2007/09/27 v1.1 Expandable calculations with integers (HO)
Package: ifpdf 2011/01/30 v2.3 Provides the ifpdf switch (HO)
Package ifpdf Info: pdfTeX in PDF mode is detected.
Package: etexcmds 2011/02/16 v1.5 Avoid name clashes with e-TeX commands (HO)
Package: kvsetkeys 2012/04/25 v1.16 Key value parser (HO)
Package: kvdefinekeys 2011/04/07 v1.3 Define keys (HO)
Package: luatex-loader 2010/03/09 v0.4 Lua module loader (HO)

(/usr/share/texmf-dist/scripts/oberdiek/oberdiek.luatex.lua)
Package: pdftexcmds 2011/11/29 v0.20 Utility functions of pdfTeX for LuaTeX (HO)

Package pdftexcmds Info: \pdf@primitive is available.
Package pdftexcmds Info: \pdf@ifprimitive is available.
Package pdftexcmds Info: \pdfdraftmode found.
\pdftexcmds@toks=\toks38
Package: pdfescape 2011/11/25 v1.13 Implements pdfTeX's escape features (HO)
Package: bigintcalc 2012/04/08 v1.3 Expandable calculations on big integers (HO)

Package: bitset 2011/01/30 v1.1 Handle bit-vector datatype (HO)
Package: uniquecounter 2011/01/30 v1.2 Provide unlimited unique counter (HO)
)
Package hobsub Info: Skipping package `hobsub' (already loaded).
Package: letltxmacro 2010/09/02 v1.4 Let assignment for LaTeX macros (HO)
Package: hopatch 2012/05/28 v1.2 Wrapper for package hooks (HO)
Package: xcolor-patch 2011/01/30 xcolor patch
Package: atveryend 2011/06/30 v1.8 Hooks at the very end of document (HO)
Package atveryend Info: \enddocument detected (standard20110627).
Package: atbegshi 2011/10/05 v1.16 At begin shipout hook (HO)
Package: refcount 2011/10/16 v3.4 Data extraction from label references (HO)
Package: hycolor 2011/01/30 v1.7 Color options for hyperref/bookmark (HO)
)
(/usr/share/texmf-dist/tex/latex/oberdiek/auxhook.sty
Package: auxhook 2011/03/04 v1.3 Hooks for auxiliary files (HO)
)
(/usr/share/texmf-dist/tex/latex/oberdiek/kvoptions.sty
Package: kvoptions 2011/06/30 v3.11 Key value format for package options (HO)
)
\@linkdim=\dimen261
\Hy@linkcounter=\count160
\Hy@pagecounter=\count161

(/usr/share/texmf-dist/tex/latex/hyperref/pd1enc.def
File: pd1enc.def 2012/11/06 v6.83m Hyperref: PDFDocEncoding definition (HO)
)
\Hy@SavedSpaceFactor=\count162

(/usr/share/texmf-dist/tex/latex/latexconfig/hyperref.cfg
File: hyperref.cfg 2002/06/06 v1.2 hyperref configuration of TeXLive
)
Package hyperref Info: Hyper figures OFF on input line 4443.
Package hyperref Info: Link nesting OFF on input line 4448.
Package hyperref Info: Hyper index ON on input line 4451.
Package hyperref Info: Plain pages OFF on input line 4458.
Package hyperref Info: Backreferencing OFF on input line 4463.
Package hyperref Info: Implicit mode ON; LaTeX internals redefined.
Package hyperref Info: Bookmarks ON on input line 4688.
\c@Hy@tempcnt=\count163

(/usr/share/texmf-dist/tex/latex/url/url.sty
\Urlmuskip=\muskip17
Package: url 2013/09/16  ver 3.4  Verb mode for urls, etc.
)
LaTeX Info: Redefining \url on input line 5041.
\XeTeXLinkMargin=\dimen262
\Fld@menulength=\count164
\Field@Width=\dimen263
\Fld@charsize=\dimen264
Package hyperref Info: Hyper figures OFF on input line 6295.
Package hyperref Info: Link nesting OFF on input line 6300.
Package hyperref Info: Hyper index ON on input line 6303.
Package hyperref Info: backreferencing OFF on input line 6310.
Package hyperref Info: Link coloring OFF on input line 6315.
Package hyperref Info: Link coloring with OCG OFF on input line 6320.
Package hyperref Info: PDF/A mode OFF on input line 6325.
LaTeX Info: Redefining \ref on input line 6365.
LaTeX Info: Redefining \pageref on input line 6369.
\Hy@abspage=\count165
\c@Item=\count166
\c@Hfootnote=\count167
)

Package hyperref Message: Driver: hpdftex.

(/usr/share/texmf-dist/tex/latex/hyperref/hpdftex.def
File: hpdftex.def 2012/11/06 v6.83m Hyperref driver for pdfTeX
\Fld@listcount=\count168
\c@bookmark@seq@number=\count169

(/usr/share/texmf-dist/tex/latex/oberdiek/rerunfilecheck.sty
Package: rerunfilecheck 2011/04/15 v1.7 Rerun checks for auxiliary files (HO)
Package uniquecounter Info: New unique counter `rerunfilecheck' on input line 28
2.
)
\Hy@SectionHShift=\skip53
)
(/usr/share/texmf-dist/tex/latex/multirow/multirow.sty
\bigstrutjot=\dimen265
)
(/usr/share/texmf-dist/tex/latex/fancyhdr/fancyhdr.sty
\fancy@headwidth=\skip54
\f@ncyO@elh=\skip55
\f@ncyO@erh=\skip56
\f@ncyO@olh=\skip57
\f@ncyO@orh=\skip58
\f@ncyO@elf=\skip59
\f@ncyO@erf=\skip60
\f@ncyO@olf=\skip61
\f@ncyO@orf=\skip62
)
(/usr/share/texmf-dist/tex/latex/tools/multicol.sty
Package: multicol 2015/08/19 v1.8n multicolumn formatting (FMi)
\c@tracingmulticols=\count170
\mult@box=\box79
\multicol@leftmargin=\dimen266
\c@unbalance=\count171
\c@collectmore=\count172
\doublecol@number=\count173
\multicoltolerance=\count174
\multicolpretolerance=\count175
\full@width=\dimen267
\page@free=\dimen268
\premulticols=\dimen269
\postmulticols=\dimen270
\multicolsep=\skip63
\multicolbaselineskip=\skip64
\partial@page=\box80
\last@line=\box81
\maxbalancingoverflow=\dimen271
\mult@rightbox=\box82
\mult@grightbox=\box83
\mult@gfirstbox=\box84
\mult@firstbox=\box85
\@tempa=\box86
\@tempa=\box87
\@tempa=\box88
\@tempa=\box89
\@tempa=\box90
\@tempa=\box91
\@tempa=\box92
\@tempa=\box93
\@tempa=\box94
\@tempa=\box95
\@tempa=\box96
\@tempa=\box97
\@tempa=\box98
\@tempa=\box99
\@tempa=\box100
\@tempa=\box101
\@tempa=\box102
\c@columnbadness=\count176
\c@finalcolumnbadness=\count177
\last@try=\dimen272
\multicolovershoot=\dimen273
\multicolundershoot=\dimen274
\mult@nat@firstbox=\box103
\colbreak@box=\box104
\mc@col@check@num=\count178
) (./tccplanoudesc.aux
! String contains an invalid utf-8 sequence.
l.27 \newlabel{sec:int}{{1}{1}{Introdu
                                    ção e Justificativa}{section.1}{}}
? 
! Emergency stop.
l.27 \newlabel{sec:int}{{1}{1}{Introdu
                                    ção e Justificativa}{section.1}{}}
End of file on the terminal!



Here is how much of LuaTeX's memory you used:
 34781 strings out of 494897
 100000,953878 words of node,token memory allocated 306 words of node memory still in use:
   3 hlist, 1 rule, 1 kern, 4 attribute, 45 glue_spec, 4 attribute_list, 1 write
, 1 dir, 1 pdf_colorstack nodes
   avail lists: 1:8,2:27,3:4,4:1,6:2,7:1,9:1
 37565 multiletter control sequences out of 65536+600000
 20 fonts using 1228327 bytes
 55i,0n,76p,1229b,101s stack positions out of 5000i,500n,10000p,200000b,100000s
!  ==> Fatal error occurred, no output PDF file produced!
